[train: 1, 3 / 3] FPS: 4.1 (8.8)  ,  DataTime: 0.453 (0.002)  ,  ForwardTime: 0.032  ,  TotalTime: 0.488  ,  Loss/total: 64.50862  ,  Loss/giou: 1.21810  ,  Loss/l1: 0.27031  ,  Loss/location: 60.72048  ,  IoU: 0.08475
[train: 2, 3 / 3] FPS: 19.4 (27.5)  ,  DataTime: 0.071 (0.001)  ,  ForwardTime: 0.031  ,  TotalTime: 0.103  ,  Loss/total: 53.17054  ,  Loss/giou: 1.12413  ,  Loss/l1: 0.23451  ,  Loss/location: 49.74930  ,  IoU: 0.12032
[train: 3, 3 / 3] FPS: 4.9 (46.0)  ,  DataTime: 0.376 (0.001)  ,  ForwardTime: 0.028  ,  TotalTime: 0.406  ,  Loss/total: 50.26257  ,  Loss/giou: 1.09630  ,  Loss/l1: 0.21433  ,  Loss/location: 46.99792  ,  IoU: 0.15309
[train: 4, 3 / 3] FPS: 18.3 (30.1)  ,  DataTime: 0.077 (0.001)  ,  ForwardTime: 0.031  ,  TotalTime: 0.109  ,  Loss/total: 40.73238  ,  Loss/giou: 0.93172  ,  Loss/l1: 0.19662  ,  Loss/location: 37.88545  ,  IoU: 0.20824
[train: 5, 3 / 3] FPS: 13.5 (7.9)  ,  DataTime: 0.116 (0.001)  ,  ForwardTime: 0.030  ,  TotalTime: 0.148  ,  Loss/total: 34.22438  ,  Loss/giou: 0.99962  ,  Loss/l1: 0.20942  ,  Loss/location: 31.17766  ,  IoU: 0.11034
[train: 6, 3 / 3] FPS: 29.2 (50.3)  ,  DataTime: 0.037 (0.001)  ,  ForwardTime: 0.030  ,  TotalTime: 0.068  ,  Loss/total: 32.18429  ,  Loss/giou: 1.10753  ,  Loss/l1: 0.23969  ,  Loss/location: 28.77041  ,  IoU: 0.10551
[train: 7, 3 / 3] FPS: 4.7 (35.0)  ,  DataTime: 0.401 (0.001)  ,  ForwardTime: 0.028  ,  TotalTime: 0.430  ,  Loss/total: 29.40041  ,  Loss/giou: 1.02554  ,  Loss/l1: 0.21018  ,  Loss/location: 26.29804  ,  IoU: 0.11672
[train: 8, 3 / 3] FPS: 22.5 (22.2)  ,  DataTime: 0.060 (0.002)  ,  ForwardTime: 0.028  ,  TotalTime: 0.089  ,  Loss/total: 27.88301  ,  Loss/giou: 0.99908  ,  Loss/l1: 0.21710  ,  Loss/location: 24.79893  ,  IoU: 0.10071
[train: 9, 3 / 3] FPS: 22.3 (59.5)  ,  DataTime: 0.060 (0.001)  ,  ForwardTime: 0.028  ,  TotalTime: 0.090  ,  Loss/total: 24.10200  ,  Loss/giou: 1.06239  ,  Loss/l1: 0.21556  ,  Loss/location: 20.89901  ,  IoU: 0.12400
[train: 10, 3 / 3] FPS: 24.0 (40.6)  ,  DataTime: 0.052 (0.002)  ,  ForwardTime: 0.029  ,  TotalTime: 0.083  ,  Loss/total: 23.61584  ,  Loss/giou: 1.19381  ,  Loss/l1: 0.25613  ,  Loss/location: 19.94714  ,  IoU: 0.08711
[train: 11, 3 / 3] FPS: 20.2 (65.6)  ,  DataTime: 0.068 (0.001)  ,  ForwardTime: 0.029  ,  TotalTime: 0.099  ,  Loss/total: 18.66936  ,  Loss/giou: 1.05339  ,  Loss/l1: 0.20563  ,  Loss/location: 15.53403  ,  IoU: 0.13547
[train: 1, 3 / 3] FPS: 5.7 (9.1)  ,  DataTime: 0.305 (0.002)  ,  ForwardTime: 0.047  ,  TotalTime: 0.353  ,  Loss/total: 64.50887  ,  Loss/giou: 1.21810  ,  Loss/l1: 0.27031  ,  Loss/location: 60.72048  ,  IoU: 0.08475
[train: 2, 3 / 3] FPS: 14.5 (39.0)  ,  DataTime: 0.108 (0.001)  ,  ForwardTime: 0.029  ,  TotalTime: 0.138  ,  Loss/total: 53.17076  ,  Loss/giou: 1.12413  ,  Loss/l1: 0.23451  ,  Loss/location: 49.74930  ,  IoU: 0.12032
[train: 3, 3 / 3] FPS: 10.1 (41.4)  ,  DataTime: 0.168 (0.001)  ,  ForwardTime: 0.029  ,  TotalTime: 0.198  ,  Loss/total: 50.26278  ,  Loss/giou: 1.09630  ,  Loss/l1: 0.21433  ,  Loss/location: 46.99792  ,  IoU: 0.15309
[train: 4, 3 / 3] FPS: 7.5 (46.2)  ,  DataTime: 0.237 (0.001)  ,  ForwardTime: 0.029  ,  TotalTime: 0.267  ,  Loss/total: 40.73262  ,  Loss/giou: 0.93172  ,  Loss/l1: 0.19662  ,  Loss/location: 37.88545  ,  IoU: 0.20824
[train: 5, 3 / 3] FPS: 6.0 (7.2)  ,  DataTime: 0.302 (0.002)  ,  ForwardTime: 0.030  ,  TotalTime: 0.333  ,  Loss/total: 34.22462  ,  Loss/giou: 0.99962  ,  Loss/l1: 0.20942  ,  Loss/location: 31.17766  ,  IoU: 0.11034
[train: 6, 3 / 3] FPS: 18.8 (70.6)  ,  DataTime: 0.077 (0.001)  ,  ForwardTime: 0.028  ,  TotalTime: 0.107  ,  Loss/total: 32.18452  ,  Loss/giou: 1.10753  ,  Loss/l1: 0.23969  ,  Loss/location: 28.77041  ,  IoU: 0.10551
[train: 7, 3 / 3] FPS: 10.5 (37.0)  ,  DataTime: 0.162 (0.001)  ,  ForwardTime: 0.027  ,  TotalTime: 0.191  ,  Loss/total: 29.40064  ,  Loss/giou: 1.02554  ,  Loss/l1: 0.21018  ,  Loss/location: 26.29804  ,  IoU: 0.11672
[train: 8, 3 / 3] FPS: 15.8 (32.7)  ,  DataTime: 0.098 (0.001)  ,  ForwardTime: 0.027  ,  TotalTime: 0.127  ,  Loss/total: 27.88323  ,  Loss/giou: 0.99908  ,  Loss/l1: 0.21710  ,  Loss/location: 24.79893  ,  IoU: 0.10071
[train: 9, 3 / 3] FPS: 11.1 (65.4)  ,  DataTime: 0.150 (0.001)  ,  ForwardTime: 0.029  ,  TotalTime: 0.180  ,  Loss/total: 24.10224  ,  Loss/giou: 1.06239  ,  Loss/l1: 0.21556  ,  Loss/location: 20.89901  ,  IoU: 0.12400
[train: 10, 3 / 3] FPS: 16.2 (47.2)  ,  DataTime: 0.095 (0.001)  ,  ForwardTime: 0.027  ,  TotalTime: 0.124  ,  Loss/total: 23.61605  ,  Loss/giou: 1.19381  ,  Loss/l1: 0.25613  ,  Loss/location: 19.94714  ,  IoU: 0.08711
[train: 11, 3 / 3] FPS: 9.7 (69.4)  ,  DataTime: 0.177 (0.002)  ,  ForwardTime: 0.028  ,  TotalTime: 0.206  ,  Loss/total: 18.66957  ,  Loss/giou: 1.05339  ,  Loss/l1: 0.20563  ,  Loss/location: 15.53403  ,  IoU: 0.13547
[train: 12, 3 / 3] FPS: 7.8 (65.6)  ,  DataTime: 0.228 (0.002)  ,  ForwardTime: 0.028  ,  TotalTime: 0.257  ,  Loss/total: 17.47746  ,  Loss/giou: 1.05361  ,  Loss/l1: 0.21881  ,  Loss/location: 14.27561  ,  IoU: 0.10605
[train: 13, 3 / 3] FPS: 16.1 (49.2)  ,  DataTime: 0.095 (0.001)  ,  ForwardTime: 0.028  ,  TotalTime: 0.124  ,  Loss/total: 15.20883  ,  Loss/giou: 1.12982  ,  Loss/l1: 0.22564  ,  Loss/location: 11.82037  ,  IoU: 0.07326
[train: 14, 3 / 3] FPS: 12.2 (69.5)  ,  DataTime: 0.136 (0.001)  ,  ForwardTime: 0.027  ,  TotalTime: 0.164  ,  Loss/total: 15.39378  ,  Loss/giou: 0.96828  ,  Loss/l1: 0.21784  ,  Loss/location: 12.36741  ,  IoU: 0.15509
[train: 15, 3 / 3] FPS: 16.8 (53.6)  ,  DataTime: 0.088 (0.002)  ,  ForwardTime: 0.030  ,  TotalTime: 0.119  ,  Loss/total: 14.21450  ,  Loss/giou: 1.19158  ,  Loss/l1: 0.23189  ,  Loss/location: 10.67127  ,  IoU: 0.10174
[train: 16, 3 / 3] FPS: 10.8 (42.7)  ,  DataTime: 0.155 (0.002)  ,  ForwardTime: 0.029  ,  TotalTime: 0.185  ,  Loss/total: 12.01717  ,  Loss/giou: 1.14763  ,  Loss/l1: 0.16255  ,  Loss/location: 8.90852  ,  IoU: 0.09561
[train: 17, 3 / 3] FPS: 13.8 (21.0)  ,  DataTime: 0.116 (0.001)  ,  ForwardTime: 0.027  ,  TotalTime: 0.144  ,  Loss/total: 13.81325  ,  Loss/giou: 1.30217  ,  Loss/l1: 0.22008  ,  Loss/location: 10.10791  ,  IoU: 0.03056
[train: 18, 3 / 3] FPS: 12.2 (47.0)  ,  DataTime: 0.136 (0.001)  ,  ForwardTime: 0.027  ,  TotalTime: 0.164  ,  Loss/total: 12.77544  ,  Loss/giou: 1.09790  ,  Loss/l1: 0.22711  ,  Loss/location: 9.44349  ,  IoU: 0.15972
[train: 1, 3 / 3] FPS: 12.6 (8.4)  ,  DataTime: 0.109 (0.002)  ,  ForwardTime: 0.048  ,  TotalTime: 0.159  ,  Loss/total: 64.50860  ,  Loss/giou: 1.21810  ,  Loss/l1: 0.27031  ,  Loss/location: 60.72047  ,  IoU: 0.08475
[train: 2, 3 / 3] FPS: 13.9 (26.1)  ,  DataTime: 0.106 (0.001)  ,  ForwardTime: 0.036  ,  TotalTime: 0.143  ,  Loss/total: 53.17051  ,  Loss/giou: 1.12413  ,  Loss/l1: 0.23451  ,  Loss/location: 49.74927  ,  IoU: 0.12032
[train: 3, 3 / 3] FPS: 21.4 (54.0)  ,  DataTime: 0.051 (0.002)  ,  ForwardTime: 0.040  ,  TotalTime: 0.093  ,  Loss/total: 50.26166  ,  Loss/giou: 1.09631  ,  Loss/l1: 0.21433  ,  Loss/location: 46.99698  ,  IoU: 0.15308
[train: 4, 3 / 3] FPS: 19.8 (34.2)  ,  DataTime: 0.061 (0.001)  ,  ForwardTime: 0.039  ,  TotalTime: 0.101  ,  Loss/total: 40.71948  ,  Loss/giou: 0.93124  ,  Loss/l1: 0.19698  ,  Loss/location: 37.87175  ,  IoU: 0.20781
[train: 5, 3 / 3] FPS: 15.6 (10.1)  ,  DataTime: 0.090 (0.001)  ,  ForwardTime: 0.037  ,  TotalTime: 0.128  ,  Loss/total: 34.26031  ,  Loss/giou: 1.00310  ,  Loss/l1: 0.20746  ,  Loss/location: 31.21645  ,  IoU: 0.11125
[train: 6, 3 / 3] FPS: 24.6 (30.3)  ,  DataTime: 0.033 (0.002)  ,  ForwardTime: 0.046  ,  TotalTime: 0.081  ,  Loss/total: 32.13071  ,  Loss/giou: 1.11391  ,  Loss/l1: 0.22304  ,  Loss/location: 28.78728  ,  IoU: 0.07621
[train: 7, 3 / 3] FPS: 10.1 (51.8)  ,  DataTime: 0.131 (0.002)  ,  ForwardTime: 0.064  ,  TotalTime: 0.197  ,  Loss/total: 29.01418  ,  Loss/giou: 0.91528  ,  Loss/l1: 0.20552  ,  Loss/location: 26.15560  ,  IoU: 0.15667
[train: 8, 3 / 3] FPS: 24.4 (27.2)  ,  DataTime: 0.045 (0.002)  ,  ForwardTime: 0.035  ,  TotalTime: 0.082  ,  Loss/total: 28.04397  ,  Loss/giou: 1.12283  ,  Loss/l1: 0.19811  ,  Loss/location: 24.80735  ,  IoU: 0.09674
[train: 9, 3 / 3] FPS: 9.5 (53.8)  ,  DataTime: 0.152 (0.002)  ,  ForwardTime: 0.057  ,  TotalTime: 0.211  ,  Loss/total: 24.38241  ,  Loss/giou: 1.12812  ,  Loss/l1: 0.21162  ,  Loss/location: 21.06768  ,  IoU: 0.12813
[train: 10, 3 / 3] FPS: 20.5 (50.8)  ,  DataTime: 0.047 (0.002)  ,  ForwardTime: 0.049  ,  TotalTime: 0.098  ,  Loss/total: 23.82265  ,  Loss/giou: 1.30098  ,  Loss/l1: 0.25480  ,  Loss/location: 19.94627  ,  IoU: 0.04183
[train: 11, 3 / 3] FPS: 10.5 (50.3)  ,  DataTime: 0.154 (0.002)  ,  ForwardTime: 0.036  ,  TotalTime: 0.191  ,  Loss/total: 18.10224  ,  Loss/giou: 0.89072  ,  Loss/l1: 0.15231  ,  Loss/location: 15.55885  ,  IoU: 0.18484
[train: 12, 3 / 3] FPS: 25.8 (53.6)  ,  DataTime: 0.040 (0.001)  ,  ForwardTime: 0.036  ,  TotalTime: 0.078  ,  Loss/total: 18.07717  ,  Loss/giou: 1.14689  ,  Loss/l1: 0.25957  ,  Loss/location: 14.48516  ,  IoU: 0.05250
[train: 1, 3 / 3] FPS: 19.4 (20.8)  ,  DataTime: 0.047 (0.002)  ,  ForwardTime: 0.053  ,  TotalTime: 0.103  ,  Loss/total: 64.50882  ,  Loss/giou: 1.21810  ,  Loss/l1: 0.27031  ,  Loss/location: 60.72049  ,  IoU: 0.08475
[train: 2, 3 / 3] FPS: 9.4 (4.8)  ,  DataTime: 0.171 (0.002)  ,  ForwardTime: 0.040  ,  TotalTime: 0.213  ,  Loss/total: 53.15065  ,  Loss/giou: 1.12524  ,  Loss/l1: 0.23501  ,  Loss/location: 49.72457  ,  IoU: 0.12017
[train: 3, 3 / 3] FPS: 22.7 (52.2)  ,  DataTime: 0.044 (0.002)  ,  ForwardTime: 0.042  ,  TotalTime: 0.088  ,  Loss/total: 50.33935  ,  Loss/giou: 1.14707  ,  Loss/l1: 0.22186  ,  Loss/location: 46.93533  ,  IoU: 0.12716
[train: 4, 3 / 3] FPS: 10.0 (5.3)  ,  DataTime: 0.157 (0.001)  ,  ForwardTime: 0.041  ,  TotalTime: 0.200  ,  Loss/total: 40.94267  ,  Loss/giou: 1.05292  ,  Loss/l1: 0.22288  ,  Loss/location: 37.72185  ,  IoU: 0.12971
[train: 5, 3 / 3] FPS: 8.2 (3.7)  ,  DataTime: 0.205 (0.002)  ,  ForwardTime: 0.037  ,  TotalTime: 0.244  ,  Loss/total: 34.00867  ,  Loss/giou: 0.97698  ,  Loss/l1: 0.17664  ,  Loss/location: 31.17094  ,  IoU: 0.16731
[train: 6, 3 / 3] FPS: 35.1 (54.6)  ,  DataTime: 0.021 (0.002)  ,  ForwardTime: 0.034  ,  TotalTime: 0.057  ,  Loss/total: 32.18573  ,  Loss/giou: 1.14560  ,  Loss/l1: 0.26576  ,  Loss/location: 28.56512  ,  IoU: 0.09310
[train: 7, 3 / 3] FPS: 11.6 (52.4)  ,  DataTime: 0.135 (0.002)  ,  ForwardTime: 0.035  ,  TotalTime: 0.172  ,  Loss/total: 29.54442  ,  Loss/giou: 1.17893  ,  Loss/l1: 0.20710  ,  Loss/location: 26.15044  ,  IoU: 0.09384
[train: 8, 3 / 3] FPS: 32.1 (42.8)  ,  DataTime: 0.022 (0.002)  ,  ForwardTime: 0.039  ,  TotalTime: 0.062  ,  Loss/total: 28.34146  ,  Loss/giou: 1.14778  ,  Loss/l1: 0.18527  ,  Loss/location: 25.11893  ,  IoU: 0.10141
[train: 9, 3 / 3] FPS: 10.8 (5.1)  ,  DataTime: 0.149 (0.001)  ,  ForwardTime: 0.035  ,  TotalTime: 0.186  ,  Loss/total: 24.30246  ,  Loss/giou: 1.08066  ,  Loss/l1: 0.16825  ,  Loss/location: 21.29926  ,  IoU: 0.16519
[train: 10, 3 / 3] FPS: 26.3 (39.1)  ,  DataTime: 0.035 (0.002)  ,  ForwardTime: 0.038  ,  TotalTime: 0.076  ,  Loss/total: 24.48635  ,  Loss/giou: 1.29432  ,  Loss/l1: 0.24648  ,  Loss/location: 20.66472  ,  IoU: 0.08121
[train: 11, 3 / 3] FPS: 24.6 (47.1)  ,  DataTime: 0.040 (0.002)  ,  ForwardTime: 0.040  ,  TotalTime: 0.081  ,  Loss/total: 18.37162  ,  Loss/giou: 1.08888  ,  Loss/l1: 0.15987  ,  Loss/location: 15.39390  ,  IoU: 0.16459
[train: 12, 3 / 3] FPS: 13.2 (53.8)  ,  DataTime: 0.115 (0.002)  ,  ForwardTime: 0.035  ,  TotalTime: 0.152  ,  Loss/total: 18.03190  ,  Loss/giou: 1.17759  ,  Loss/l1: 0.19731  ,  Loss/location: 14.68950  ,  IoU: 0.13565
[train: 13, 3 / 3] FPS: 34.2 (45.4)  ,  DataTime: 0.022 (0.001)  ,  ForwardTime: 0.035  ,  TotalTime: 0.058  ,  Loss/total: 15.12405  ,  Loss/giou: 1.02055  ,  Loss/l1: 0.15807  ,  Loss/location: 12.29198  ,  IoU: 0.20079
[train: 14, 3 / 3] FPS: 32.2 (46.6)  ,  DataTime: 0.024 (0.002)  ,  ForwardTime: 0.037  ,  TotalTime: 0.062  ,  Loss/total: 16.38111  ,  Loss/giou: 1.23226  ,  Loss/l1: 0.25604  ,  Loss/location: 12.63576  ,  IoU: 0.04139
[train: 15, 3 / 3] FPS: 25.1 (35.8)  ,  DataTime: 0.040 (0.002)  ,  ForwardTime: 0.038  ,  TotalTime: 0.080  ,  Loss/total: 13.90881  ,  Loss/giou: 1.02060  ,  Loss/l1: 0.20514  ,  Loss/location: 10.84131  ,  IoU: 0.14546
[train: 16, 3 / 3] FPS: 28.3 (31.1)  ,  DataTime: 0.029 (0.001)  ,  ForwardTime: 0.040  ,  TotalTime: 0.071  ,  Loss/total: 11.35070  ,  Loss/giou: 0.95266  ,  Loss/l1: 0.17242  ,  Loss/location: 8.58268  ,  IoU: 0.15536
[train: 17, 3 / 3] FPS: 22.1 (21.2)  ,  DataTime: 0.054 (0.001)  ,  ForwardTime: 0.036  ,  TotalTime: 0.091  ,  Loss/total: 13.34233  ,  Loss/giou: 1.12486  ,  Loss/l1: 0.22228  ,  Loss/location: 9.98061  ,  IoU: 0.09930
[train: 18, 3 / 3] FPS: 28.0 (36.5)  ,  DataTime: 0.030 (0.002)  ,  ForwardTime: 0.040  ,  TotalTime: 0.071  ,  Loss/total: 13.02843  ,  Loss/giou: 1.14440  ,  Loss/l1: 0.27657  ,  Loss/location: 9.35616  ,  IoU: 0.12972
[train: 19, 3 / 3] FPS: 25.0 (26.1)  ,  DataTime: 0.041 (0.002)  ,  ForwardTime: 0.037  ,  TotalTime: 0.080  ,  Loss/total: 18.12900  ,  Loss/giou: 1.22211  ,  Loss/l1: 0.26534  ,  Loss/location: 14.35748  ,  IoU: 0.04612
[train: 20, 3 / 3] FPS: 24.8 (39.7)  ,  DataTime: 0.038 (0.002)  ,  ForwardTime: 0.041  ,  TotalTime: 0.081  ,  Loss/total: 10.73721  ,  Loss/giou: 1.06425  ,  Loss/l1: 0.25767  ,  Loss/location: 7.31970  ,  IoU: 0.14093
[val: 20, 5 / 5] FPS: 20.5 (20.9)  ,  DataTime: 0.070 (0.002)  ,  ForwardTime: 0.025  ,  TotalTime: 0.097  ,  Loss/total: 14.30476  ,  Loss/giou: 1.04521  ,  Loss/l1: 0.19310  ,  Loss/location: 11.24819  ,  IoU: 0.13863
[train: 21, 3 / 3] FPS: 31.9 (44.1)  ,  DataTime: 0.024 (0.002)  ,  ForwardTime: 0.037  ,  TotalTime: 0.063  ,  Loss/total: 10.83557  ,  Loss/giou: 1.09110  ,  Loss/l1: 0.22735  ,  Loss/location: 7.51599  ,  IoU: 0.11704
[train: 22, 3 / 3] FPS: 27.9 (37.3)  ,  DataTime: 0.030 (0.001)  ,  ForwardTime: 0.040  ,  TotalTime: 0.072  ,  Loss/total: 10.10501  ,  Loss/giou: 1.09477  ,  Loss/l1: 0.25509  ,  Loss/location: 6.63940  ,  IoU: 0.08711
[train: 23, 3 / 3] FPS: 19.5 (24.9)  ,  DataTime: 0.062 (0.002)  ,  ForwardTime: 0.039  ,  TotalTime: 0.102  ,  Loss/total: 8.61791  ,  Loss/giou: 0.95440  ,  Loss/l1: 0.20160  ,  Loss/location: 5.70046  ,  IoU: 0.13368
[train: 24, 3 / 3] FPS: 25.3 (43.3)  ,  DataTime: 0.038 (0.002)  ,  ForwardTime: 0.040  ,  TotalTime: 0.079  ,  Loss/total: 8.27831  ,  Loss/giou: 0.89093  ,  Loss/l1: 0.18395  ,  Loss/location: 5.57605  ,  IoU: 0.16752
[train: 25, 3 / 3] FPS: 28.2 (36.5)  ,  DataTime: 0.029 (0.002)  ,  ForwardTime: 0.040  ,  TotalTime: 0.071  ,  Loss/total: 9.60505  ,  Loss/giou: 1.24780  ,  Loss/l1: 0.27360  ,  Loss/location: 5.74084  ,  IoU: 0.05359
[train: 26, 3 / 3] FPS: 20.0 (45.0)  ,  DataTime: 0.064 (0.001)  ,  ForwardTime: 0.035  ,  TotalTime: 0.100  ,  Loss/total: 7.77895  ,  Loss/giou: 0.92715  ,  Loss/l1: 0.16074  ,  Loss/location: 5.12029  ,  IoU: 0.20498
[train: 1, 3 / 3] FPS: 12.8 (8.1)  ,  DataTime: 0.099 (0.003)  ,  ForwardTime: 0.055  ,  TotalTime: 0.156  ,  Loss/total: 64.50399  ,  Loss/giou: 1.21975  ,  Loss/l1: 0.26973  ,  Loss/location: 60.70037  ,  IoU: 0.08497
[train: 2, 3 / 3] FPS: 13.7 (28.7)  ,  DataTime: 0.108 (0.001)  ,  ForwardTime: 0.037  ,  TotalTime: 0.146  ,  Loss/total: 53.45589  ,  Loss/giou: 1.10552  ,  Loss/l1: 0.23412  ,  Loss/location: 50.05926  ,  IoU: 0.12992
[train: 3, 3 / 3] FPS: 8.6 (48.4)  ,  DataTime: 0.196 (0.001)  ,  ForwardTime: 0.036  ,  TotalTime: 0.233  ,  Loss/total: 49.66556  ,  Loss/giou: 0.94328  ,  Loss/l1: 0.19188  ,  Loss/location: 46.80439  ,  IoU: 0.18856
[train: 4, 3 / 3] FPS: 19.5 (35.6)  ,  DataTime: 0.062 (0.001)  ,  ForwardTime: 0.039  ,  TotalTime: 0.102  ,  Loss/total: 39.53492  ,  Loss/giou: 0.99654  ,  Loss/l1: 0.15699  ,  Loss/location: 36.74423  ,  IoU: 0.16868
[train: 5, 3 / 3] FPS: 15.9 (11.7)  ,  DataTime: 0.086 (0.001)  ,  ForwardTime: 0.038  ,  TotalTime: 0.126  ,  Loss/total: 33.30335  ,  Loss/giou: 0.91803  ,  Loss/l1: 0.15848  ,  Loss/location: 30.66340  ,  IoU: 0.20179
[train: 6, 3 / 3] FPS: 27.7 (42.0)  ,  DataTime: 0.031 (0.002)  ,  ForwardTime: 0.038  ,  TotalTime: 0.072  ,  Loss/total: 31.42342  ,  Loss/giou: 1.05405  ,  Loss/l1: 0.19574  ,  Loss/location: 28.32402  ,  IoU: 0.14620
[train: 7, 3 / 3] FPS: 11.4 (35.8)  ,  DataTime: 0.139 (0.001)  ,  ForwardTime: 0.036  ,  TotalTime: 0.176  ,  Loss/total: 29.95887  ,  Loss/giou: 1.16444  ,  Loss/l1: 0.22036  ,  Loss/location: 26.51249  ,  IoU: 0.11136
[train: 8, 3 / 3] FPS: 24.3 (37.7)  ,  DataTime: 0.038 (0.002)  ,  ForwardTime: 0.043  ,  TotalTime: 0.082  ,  Loss/total: 28.15539  ,  Loss/giou: 1.14655  ,  Loss/l1: 0.19808  ,  Loss/location: 24.85673  ,  IoU: 0.08231
[train: 9, 3 / 3] FPS: 20.8 (51.7)  ,  DataTime: 0.055 (0.002)  ,  ForwardTime: 0.039  ,  TotalTime: 0.096  ,  Loss/total: 24.92392  ,  Loss/giou: 1.11708  ,  Loss/l1: 0.20988  ,  Loss/location: 21.62372  ,  IoU: 0.13773
[train: 10, 3 / 3] FPS: 11.1 (46.4)  ,  DataTime: 0.144 (0.002)  ,  ForwardTime: 0.035  ,  TotalTime: 0.180  ,  Loss/total: 25.91645  ,  Loss/giou: 1.30996  ,  Loss/l1: 0.28163  ,  Loss/location: 21.87303  ,  IoU: 0.01890
[train: 11, 3 / 3] FPS: 18.9 (44.7)  ,  DataTime: 0.054 (0.003)  ,  ForwardTime: 0.050  ,  TotalTime: 0.106  ,  Loss/total: 19.98352  ,  Loss/giou: 1.12545  ,  Loss/l1: 0.19818  ,  Loss/location: 16.72598  ,  IoU: 0.11921
[train: 12, 3 / 3] FPS: 11.6 (54.1)  ,  DataTime: 0.136 (0.002)  ,  ForwardTime: 0.034  ,  TotalTime: 0.173  ,  Loss/total: 19.85096  ,  Loss/giou: 1.29184  ,  Loss/l1: 0.29977  ,  Loss/location: 15.75273  ,  IoU: 0.02919
[train: 13, 3 / 3] FPS: 25.4 (51.3)  ,  DataTime: 0.033 (0.002)  ,  ForwardTime: 0.043  ,  TotalTime: 0.079  ,  Loss/total: 16.51555  ,  Loss/giou: 1.11553  ,  Loss/l1: 0.17574  ,  Loss/location: 13.39047  ,  IoU: 0.09885
[train: 14, 3 / 3] FPS: 33.4 (54.7)  ,  DataTime: 0.024 (0.002)  ,  ForwardTime: 0.034  ,  TotalTime: 0.060  ,  Loss/total: 16.38661  ,  Loss/giou: 1.06556  ,  Loss/l1: 0.24118  ,  Loss/location: 13.03570  ,  IoU: 0.10490
[train: 15, 3 / 3] FPS: 23.4 (35.1)  ,  DataTime: 0.049 (0.002)  ,  ForwardTime: 0.035  ,  TotalTime: 0.086  ,  Loss/total: 14.68816  ,  Loss/giou: 1.08430  ,  Loss/l1: 0.22820  ,  Loss/location: 11.36382  ,  IoU: 0.09088
[train: 16, 3 / 3] FPS: 11.7 (42.7)  ,  DataTime: 0.133 (0.001)  ,  ForwardTime: 0.036  ,  TotalTime: 0.170  ,  Loss/total: 13.50801  ,  Loss/giou: 1.09446  ,  Loss/l1: 0.24034  ,  Loss/location: 10.10328  ,  IoU: 0.08173
[train: 17, 3 / 3] FPS: 23.0 (21.0)  ,  DataTime: 0.051 (0.001)  ,  ForwardTime: 0.034  ,  TotalTime: 0.087  ,  Loss/total: 13.06716  ,  Loss/giou: 1.07462  ,  Loss/l1: 0.22191  ,  Loss/location: 9.79345  ,  IoU: 0.09654
[train: 18, 3 / 3] FPS: 29.3 (50.3)  ,  DataTime: 0.032 (0.001)  ,  ForwardTime: 0.035  ,  TotalTime: 0.068  ,  Loss/total: 12.67358  ,  Loss/giou: 1.04252  ,  Loss/l1: 0.21618  ,  Loss/location: 9.49173  ,  IoU: 0.12421
[train: 19, 3 / 3] FPS: 9.4 (30.1)  ,  DataTime: 0.177 (0.002)  ,  ForwardTime: 0.035  ,  TotalTime: 0.213  ,  Loss/total: 15.14673  ,  Loss/giou: 1.13113  ,  Loss/l1: 0.22400  ,  Loss/location: 11.74806  ,  IoU: 0.11959
[train: 20, 3 / 3] FPS: 25.5 (50.7)  ,  DataTime: 0.042 (0.001)  ,  ForwardTime: 0.035  ,  TotalTime: 0.079  ,  Loss/total: 11.59133  ,  Loss/giou: 1.20305  ,  Loss/l1: 0.30085  ,  Loss/location: 7.66751  ,  IoU: 0.07422
[train: 21, 3 / 3] FPS: 26.6 (46.8)  ,  DataTime: 0.031 (0.002)  ,  ForwardTime: 0.042  ,  TotalTime: 0.075  ,  Loss/total: 12.06810  ,  Loss/giou: 1.30850  ,  Loss/l1: 0.30425  ,  Loss/location: 7.91356  ,  IoU: 0.04205
[train: 22, 3 / 3] FPS: 23.8 (47.7)  ,  DataTime: 0.033 (0.003)  ,  ForwardTime: 0.048  ,  TotalTime: 0.084  ,  Loss/total: 9.67580  ,  Loss/giou: 1.16791  ,  Loss/l1: 0.21547  ,  Loss/location: 6.24971  ,  IoU: 0.08061
[train: 23, 3 / 3] FPS: 24.9 (29.9)  ,  DataTime: 0.044 (0.001)  ,  ForwardTime: 0.034  ,  TotalTime: 0.080  ,  Loss/total: 8.65874  ,  Loss/giou: 1.04698  ,  Loss/l1: 0.23345  ,  Loss/location: 5.38454  ,  IoU: 0.08730
[train: 1, 3 / 3] FPS: 7.4 (43.2)  ,  DataTime: 0.194 (0.002)  ,  ForwardTime: 0.075  ,  TotalTime: 0.272  ,  Loss/total: 74.58304  ,  Loss/giou: 1.03711  ,  Loss/l1: 0.23178  ,  Loss/location: 71.33485  ,  IoU: 0.10685
[train: 2, 3 / 3] FPS: 22.9 (45.1)  ,  DataTime: 0.040 (0.003)  ,  ForwardTime: 0.045  ,  TotalTime: 0.087  ,  Loss/total: 71.06909  ,  Loss/giou: 1.11015  ,  Loss/l1: 0.31735  ,  Loss/location: 67.24666  ,  IoU: 0.05099
[train: 3, 3 / 3] FPS: 9.8 (12.6)  ,  DataTime: 0.165 (0.001)  ,  ForwardTime: 0.038  ,  TotalTime: 0.204  ,  Loss/total: 66.35587  ,  Loss/giou: 1.00833  ,  Loss/l1: 0.21850  ,  Loss/location: 63.23334  ,  IoU: 0.11994
[train: 4, 3 / 3] FPS: 20.8 (50.0)  ,  DataTime: 0.049 (0.002)  ,  ForwardTime: 0.045  ,  TotalTime: 0.096  ,  Loss/total: 54.97883  ,  Loss/giou: 0.97246  ,  Loss/l1: 0.19676  ,  Loss/location: 52.03714  ,  IoU: 0.14125
[train: 5, 3 / 3] FPS: 10.5 (32.8)  ,  DataTime: 0.151 (0.001)  ,  ForwardTime: 0.038  ,  TotalTime: 0.190  ,  Loss/total: 52.33574  ,  Loss/giou: 1.08886  ,  Loss/l1: 0.20646  ,  Loss/location: 49.11058  ,  IoU: 0.10436
[train: 6, 3 / 3] FPS: 23.0 (50.3)  ,  DataTime: 0.044 (0.003)  ,  ForwardTime: 0.040  ,  TotalTime: 0.087  ,  Loss/total: 47.45243  ,  Loss/giou: 1.07911  ,  Loss/l1: 0.18719  ,  Loss/location: 44.34533  ,  IoU: 0.09706
[train: 7, 3 / 3] FPS: 11.6 (48.6)  ,  DataTime: 0.133 (0.002)  ,  ForwardTime: 0.037  ,  TotalTime: 0.172  ,  Loss/total: 44.29504  ,  Loss/giou: 0.91640  ,  Loss/l1: 0.13035  ,  Loss/location: 41.79786  ,  IoU: 0.24662
[train: 1, 3 / 3] FPS: 0.1 (45.9)  ,  DataTime: 0.239 (0.002)  ,  ForwardTime: 18.898  ,  TotalTime: 19.139  ,  Loss/total: 74.58304  ,  Loss/giou: 1.03711  ,  Loss/l1: 0.23178  ,  Loss/location: 71.33486  ,  IoU: 0.10685
[train: 2, 3 / 3] FPS: 16.2 (51.2)  ,  DataTime: 0.084 (0.002)  ,  ForwardTime: 0.037  ,  TotalTime: 0.123  ,  Loss/total: 71.07120  ,  Loss/giou: 1.11021  ,  Loss/l1: 0.31736  ,  Loss/location: 67.24856  ,  IoU: 0.05096
[train: 3, 3 / 3] FPS: 9.0 (11.2)  ,  DataTime: 0.183 (0.002)  ,  ForwardTime: 0.037  ,  TotalTime: 0.222  ,  Loss/total: 66.35538  ,  Loss/giou: 1.01108  ,  Loss/l1: 0.21888  ,  Loss/location: 63.22551  ,  IoU: 0.11961
[train: 4, 3 / 3] FPS: 7.3 (48.5)  ,  DataTime: 0.236 (0.001)  ,  ForwardTime: 0.038  ,  TotalTime: 0.276  ,  Loss/total: 55.06648  ,  Loss/giou: 0.98910  ,  Loss/l1: 0.21355  ,  Loss/location: 52.00746  ,  IoU: 0.12282
[train: 5, 3 / 3] FPS: 13.7 (29.7)  ,  DataTime: 0.108 (0.002)  ,  ForwardTime: 0.036  ,  TotalTime: 0.146  ,  Loss/total: 52.11401  ,  Loss/giou: 1.06570  ,  Loss/l1: 0.19694  ,  Loss/location: 48.98272  ,  IoU: 0.13367
[train: 6, 3 / 3] FPS: 10.3 (47.6)  ,  DataTime: 0.154 (0.002)  ,  ForwardTime: 0.039  ,  TotalTime: 0.194  ,  Loss/total: 47.58986  ,  Loss/giou: 1.02931  ,  Loss/l1: 0.20107  ,  Loss/location: 44.51249  ,  IoU: 0.11400
[train: 7, 3 / 3] FPS: 15.9 (53.6)  ,  DataTime: 0.087 (0.002)  ,  ForwardTime: 0.037  ,  TotalTime: 0.126  ,  Loss/total: 45.36025  ,  Loss/giou: 1.13367  ,  Loss/l1: 0.25151  ,  Loss/location: 41.82223  ,  IoU: 0.09442
[train: 8, 3 / 3] FPS: 9.7 (52.8)  ,  DataTime: 0.168 (0.002)  ,  ForwardTime: 0.037  ,  TotalTime: 0.206  ,  Loss/total: 39.35073  ,  Loss/giou: 1.13070  ,  Loss/l1: 0.22594  ,  Loss/location: 35.94649  ,  IoU: 0.12712
[train: 9, 3 / 3] FPS: 7.0 (21.7)  ,  DataTime: 0.246 (0.002)  ,  ForwardTime: 0.037  ,  TotalTime: 0.284  ,  Loss/total: 36.83017  ,  Loss/giou: 1.02559  ,  Loss/l1: 0.27709  ,  Loss/location: 33.37974  ,  IoU: 0.07289
[train: 10, 3 / 3] FPS: 6.8 (4.2)  ,  DataTime: 0.252 (0.002)  ,  ForwardTime: 0.038  ,  TotalTime: 0.292  ,  Loss/total: 33.34013  ,  Loss/giou: 0.99799  ,  Loss/l1: 0.22724  ,  Loss/location: 30.19405  ,  IoU: 0.10870
[train: 11, 3 / 3] FPS: 15.7 (51.7)  ,  DataTime: 0.089 (0.001)  ,  ForwardTime: 0.037  ,  TotalTime: 0.127  ,  Loss/total: 33.65628  ,  Loss/giou: 1.02348  ,  Loss/l1: 0.23562  ,  Loss/location: 30.41609  ,  IoU: 0.08764
[train: 12, 3 / 3] FPS: 9.7 (48.5)  ,  DataTime: 0.169 (0.001)  ,  ForwardTime: 0.036  ,  TotalTime: 0.206  ,  Loss/total: 30.98887  ,  Loss/giou: 1.13025  ,  Loss/l1: 0.29456  ,  Loss/location: 27.23987  ,  IoU: 0.07774
[train: 13, 3 / 3] FPS: 14.6 (51.1)  ,  DataTime: 0.094 (0.002)  ,  ForwardTime: 0.040  ,  TotalTime: 0.137  ,  Loss/total: 25.99279  ,  Loss/giou: 0.99048  ,  Loss/l1: 0.24761  ,  Loss/location: 22.75949  ,  IoU: 0.09157
[train: 14, 3 / 3] FPS: 10.4 (52.9)  ,  DataTime: 0.156 (0.001)  ,  ForwardTime: 0.035  ,  TotalTime: 0.193  ,  Loss/total: 26.63465  ,  Loss/giou: 1.12148  ,  Loss/l1: 0.23881  ,  Loss/location: 23.18252  ,  IoU: 0.07560
[train: 15, 3 / 3] FPS: 7.5 (39.9)  ,  DataTime: 0.229 (0.002)  ,  ForwardTime: 0.036  ,  TotalTime: 0.266  ,  Loss/total: 24.66786  ,  Loss/giou: 1.09573  ,  Loss/l1: 0.28414  ,  Loss/location: 21.04266  ,  IoU: 0.08185
[train: 16, 3 / 3] FPS: 15.9 (51.2)  ,  DataTime: 0.088 (0.002)  ,  ForwardTime: 0.036  ,  TotalTime: 0.126  ,  Loss/total: 21.19938  ,  Loss/giou: 0.97113  ,  Loss/l1: 0.23382  ,  Loss/location: 18.07270  ,  IoU: 0.15941
[train: 17, 3 / 3] FPS: 11.6 (53.2)  ,  DataTime: 0.135 (0.001)  ,  ForwardTime: 0.036  ,  TotalTime: 0.173  ,  Loss/total: 20.12924  ,  Loss/giou: 1.19118  ,  Loss/l1: 0.31286  ,  Loss/location: 16.16930  ,  IoU: 0.07044
[train: 18, 3 / 3] FPS: 7.5 (51.7)  ,  DataTime: 0.228 (0.002)  ,  ForwardTime: 0.036  ,  TotalTime: 0.266  ,  Loss/total: 17.44203  ,  Loss/giou: 1.05533  ,  Loss/l1: 0.21037  ,  Loss/location: 14.26651  ,  IoU: 0.12636
[train: 19, 3 / 3] FPS: 17.2 (51.9)  ,  DataTime: 0.079 (0.001)  ,  ForwardTime: 0.036  ,  TotalTime: 0.116  ,  Loss/total: 19.24057  ,  Loss/giou: 1.30110  ,  Loss/l1: 0.30515  ,  Loss/location: 15.09772  ,  IoU: 0.03337
[train: 20, 3 / 3] FPS: 9.6 (50.5)  ,  DataTime: 0.169 (0.002)  ,  ForwardTime: 0.037  ,  TotalTime: 0.207  ,  Loss/total: 15.77954  ,  Loss/giou: 1.12835  ,  Loss/l1: 0.25761  ,  Loss/location: 12.22016  ,  IoU: 0.04602
[train: 21, 3 / 3] FPS: 7.4 (52.5)  ,  DataTime: 0.231 (0.002)  ,  ForwardTime: 0.037  ,  TotalTime: 0.269  ,  Loss/total: 13.98128  ,  Loss/giou: 0.84951  ,  Loss/l1: 0.15003  ,  Loss/location: 11.51951  ,  IoU: 0.21785
[train: 22, 3 / 3] FPS: 13.7 (37.2)  ,  DataTime: 0.107 (0.002)  ,  ForwardTime: 0.037  ,  TotalTime: 0.146  ,  Loss/total: 13.09779  ,  Loss/giou: 1.08582  ,  Loss/l1: 0.22606  ,  Loss/location: 9.78289  ,  IoU: 0.09650
[train: 23, 3 / 3] FPS: 10.4 (39.0)  ,  DataTime: 0.154 (0.002)  ,  ForwardTime: 0.036  ,  TotalTime: 0.191  ,  Loss/total: 12.24199  ,  Loss/giou: 0.96265  ,  Loss/l1: 0.13313  ,  Loss/location: 9.63758  ,  IoU: 0.18766
[train: 24, 3 / 3] FPS: 12.8 (52.1)  ,  DataTime: 0.116 (0.002)  ,  ForwardTime: 0.038  ,  TotalTime: 0.156  ,  Loss/total: 11.82313  ,  Loss/giou: 1.04501  ,  Loss/l1: 0.19348  ,  Loss/location: 8.75143  ,  IoU: 0.18205
